[15:45:43] [Server thread/INFO]: Starting minecraft server version 1.8
[15:45:43] [Server thread/INFO]: Loading properties
[15:45:43] [Server thread/INFO]: Default game type: SURVIVAL
[15:45:43] [Server thread/INFO]: Generating keypair
[15:45:43] [Server thread/INFO]: Starting Minecraft server on 0.0.0.0:25565
[15:45:43] [Server thread/INFO]: This server is running CraftBukkit version git-Bukkit-ee6d0fa (MC: 1.8) (Implementing API version 1.8-R0.1-SNAPSHOT)
[15:45:43] [Server thread/WARN]: **** SERVER IS RUNNING IN OFFLINE/INSECURE MODE!
[15:45:43] [Server thread/WARN]: The server will make no attempt to authenticate usernames. Beware.
[15:45:43] [Server thread/WARN]: While this makes the game possible to play without internet access, it also opens up the ability for hackers to connect with any username they choose.
[15:45:43] [Server thread/WARN]: To change this, set "online-mode" to "true" in the server.properties file.
[15:45:43] [Server thread/INFO]: Preparing level "CIA"
[15:45:44] [Server thread/INFO]: Preparing start region for level 0 (Seed: 1014739542)
[15:45:45] [Server thread/INFO]: Preparing spawn area: 34%
[15:45:45] [Server thread/INFO]: Preparing start region for level 1 (Seed: 1014739542)
[15:45:46] [Server thread/INFO]: Preparing spawn area: 69%
[15:45:47] [Server thread/INFO]: Preparing start region for level 2 (Seed: 1014739542)
[15:45:48] [Server thread/INFO]: Server permissions file permissions.yml is empty, ignoring it
[15:45:48] [Server thread/INFO]: Done (4.207s)! For help, type "help" or "?"
[15:45:48] [Server thread/INFO]: Starting GS4 status listener
[15:45:48] [Server thread/WARN]: Debugging is enabled, performance maybe reduced!
[15:45:48] [Server thread/INFO]: registerSocket: java.net.DatagramSocket@476d7e38
[15:45:48] [Server thread/INFO]: Starting remote control listener
[15:45:48] [Query Listener #1/INFO]: Query running on 0.0.0.0:25567
[15:45:48] [Server thread/WARN]: Debugging is enabled, performance maybe reduced!
[15:45:48] [RCON Listener #2/INFO]: RCON running on 0.0.0.0:25575
[15:46:10] [Server thread/INFO]: minecracker627[/127.0.0.1:52746] logged in with entity id 205 at ([CIA] -21.87596564351484, 54.0, 96.39353617010602)
[15:48:39] [Server thread/INFO]: minecracker627 lost connection: Disconnected
[15:48:39] [Server thread/INFO]: minecracker627 left the game.
[15:48:51] [Server thread/INFO]: Stopping the server
[15:48:51] [Server thread/INFO]: Stopping server
[15:48:51] [Server thread/INFO]: Saving players
[15:48:51] [Server thread/INFO]: Saving worlds
[15:48:51] [Server thread/INFO]: Saving chunks for level 'CIA'/Overworld
[15:48:53] [Server thread/INFO]: Saving chunks for level 'CIA_nether'/Nether
[15:48:53] [Server thread/INFO]: Saving chunks for level 'CIA_the_end'/The End
